mv: cannot stat '/scriptdir/data/weathercharts/outhumid.raw': No such file or directory
  % Total    % Received % Xferd  Average Speed   Time    Time     Time  Current
                                 Dload  Upload   Total   Spent    Left  Speed
  0     0    0     0    0     0      0      0 --:--:-- --:--:-- --:--:--     0100   490  100   490    0     0   3030      0 --:--:-- --:--:-- --:--:--  3043
  % Total    % Received % Xferd  Average Speed   Time    Time     Time  Current
                                 Dload  Upload   Total   Spent    Left  Speed
  0     0    0     0    0     0      0      0 --:--:-- --:--:-- --:--:--     0100   490  100   490    0     0   2945      0 --:--:-- --:--:-- --:--:--  2951
  % Total    % Received % Xferd  Average Speed   Time    Time     Time  Current
                                 Dload  Upload   Total   Spent    Left  Speed
  0     0    0     0    0     0      0      0 --:--:-- --:--:-- --:--:--     0100   490  100   490    0     0   1076      0 --:--:-- --:--:-- --:--:--  1076100   490  100   490    0     0   1075      0 --:--:-- --:--:-- --:--:--  1074
  % Total    % Received % Xferd  Average Speed   Time    Time     Time  Current
                                 Dload  Upload   Total   Spent    Left  Speed
  0     0    0     0    0     0      0      0 --:--:-- --:--:-- --:--:--     0100   490  100   490    0     0   2543      0 --:--:-- --:--:-- --:--:--  2552
  % Total    % Received % Xferd  Average Speed   Time    Time     Time  Current
                                 Dload  Upload   Total   Spent    Left  Speed
  0     0    0     0    0     0      0      0 --:--:-- --:--:-- --:--:--     0100   490  100   490    0     0   3094      0 --:--:-- --:--:-- --:--:--  3101
  % Total    % Received % Xferd  Average Speed   Time    Time     Time  Current
                                 Dload  Upload   Total   Spent    Left  Speed
  0     0    0     0    0     0      0      0 --:--:-- --:--:-- --:--:--     0100   488  100   488    0     0   2967      0 --:--:-- --:--:-- --:--:--  2975
  % Total    % Received % Xferd  Average Speed   Time    Time     Time  Current
                                 Dload  Upload   Total   Spent    Left  Speed
  0     0    0     0    0     0      0      0 --:--:-- --:--:-- --:--:--     0100   490  100   490    0     0   3380      0 --:--:-- --:--:-- --:--:--  3402
  % Total    % Received % Xferd  Average Speed   Time    Time     Time  Current
                                 Dload  Upload   Total   Spent    Left  Speed
  0     0    0     0    0     0      0      0 --:--:-- --:--:-- --:--:--     0100   489  100   489    0     0   3164      0 --:--:-- --:--:-- --:--:--  3175
